<?xml version="1.0" encoding="UTF-8"?>
<testng-results ignored="0" total="2" passed="2" failed="0" skipped="0">
  <reporter-output>
  </reporter-output>
  <suite started-at="2024-04-03T15:54:45 IST" name="ITLearn suite" finished-at="2024-04-03T15:55:15 IST" duration-ms="29570">
    <groups>
    </groups>
    <test started-at="2024-04-03T15:54:45 IST" name="Login Page Test" finished-at="2024-04-03T15:54:54 IST" duration-ms="8860">
      <class name="testCases.LoginTestCase">
        <test-method is-config="true" signature="launchBrowser()[pri:0, instance:testCases.LoginTestCase@8f2ef19]" started-at="2024-04-03T15:54:45 IST" name="launchBrowser" finished-at="2024-04-03T15:54:52 IST" duration-ms="6670" status="PASS">
          <reporter-output>
          </reporter-output>
        </test-method> <!-- launchBrowser -->
        <test-method signature="loginTest()[pri:0, instance:testCases.LoginTestCase@8f2ef19]" started-at="2024-04-03T15:54:52 IST" name="loginTest" finished-at="2024-04-03T15:54:54 IST" duration-ms="2036" status="PASS">
          <reporter-output>
          </reporter-output>
        </test-method> <!-- loginTest -->
        <test-method is-config="true" signature="tearDown()[pri:0, instance:testCases.LoginTestCase@8f2ef19]" started-at="2024-04-03T15:54:54 IST" name="tearDown" finished-at="2024-04-03T15:54:54 IST" duration-ms="114" status="PASS">
          <reporter-output>
          </reporter-output>
        </test-method> <!-- tearDown -->
      </class> <!-- testCases.LoginTestCase -->
    </test> <!-- Login Page Test -->
    <test started-at="2024-04-03T15:54:54 IST" name="Book A Demo Test" finished-at="2024-04-03T15:55:15 IST" duration-ms="20561">
      <class name="testCases.BookDemoForManualTestCourse">
        <test-method is-config="true" signature="launchBrowser()[pri:0, instance:testCases.BookDemoForManualTestCourse@8458f04]" started-at="2024-04-03T15:54:54 IST" name="launchBrowser" finished-at="2024-04-03T15:55:01 IST" duration-ms="6144" status="PASS">
          <reporter-output>
          </reporter-output>
        </test-method> <!-- launchBrowser -->
        <test-method signature="bookDemo()[pri:0, instance:testCases.BookDemoForManualTestCourse@8458f04]" started-at="2024-04-03T15:55:01 IST" name="bookDemo" finished-at="2024-04-03T15:55:15 IST" duration-ms="14286" status="PASS">
          <reporter-output>
          </reporter-output>
        </test-method> <!-- bookDemo -->
        <test-method is-config="true" signature="tearDown()[pri:0, instance:testCases.BookDemoForManualTestCourse@8458f04]" started-at="2024-04-03T15:55:15 IST" name="tearDown" finished-at="2024-04-03T15:55:15 IST" duration-ms="130" status="PASS">
          <reporter-output>
          </reporter-output>
        </test-method> <!-- tearDown -->
      </class> <!-- testCases.BookDemoForManualTestCourse -->
    </test> <!-- Book A Demo Test -->
  </suite> <!-- ITLearn suite -->
</testng-results>
